<?xml version="1.0" encoding="UTF-8"?>
<!-- Generated by org.testng.reporters.JUnitReportReporter -->
<testsuite hostname="DESKTOP-KEFG07B" failures="0" tests="1" name="com.sampleone.testscripts.BrowserTest" time="59.680" errors="0" timestamp="2023-10-01T14:58:08 IST" skipped="0">
  <testcase classname="com.sampleone.testscripts.BrowserTest" name="browserTest1" time="59.680"/>
  <system-out/>
</testsuite> <!-- com.sampleone.testscripts.BrowserTest -->
